pointer size: 8 bytes
uintptr_t bits: 64
checking that all userland pointers fit in 47 bits:
  stack int*                     0x7fffefffff9b0  high17=0x0000f FAIL
  argv                           0x7fffefffffb30  high17=0x0000f FAIL
  argv[0]                        0x7fffefffffbd8  high17=0x0000f FAIL
  static int* (.data)            0x2094  high17=0x00000 ok
  &main (.text)                  0x198c  high17=0x00000 ok
  malloc(64)                     0xc002e0  high17=0x00000 ok
  malloc(64K)                    0x66000  high17=0x00000 ok
  malloc(16M)                    0x6008000  high17=0x00000 ok
  mmap-anon(64K)                 0x76000  high17=0x00000 ok
  mmap-anon(64M)                 0x7008000  high17=0x00000 ok
walking the heap:
  malloc[0] 4M                   0x2008000  high17=0x00000 ok
  malloc[1] 4M                   0x2408000  high17=0x00000 ok
  malloc[2] 4M                   0x2808000  high17=0x00000 ok
  malloc[3] 4M                   0x4008000  high17=0x00000 ok
  malloc[4] 4M                   0x4408000  high17=0x00000 ok
  malloc[5] 4M                   0x4808000  high17=0x00000 ok
  malloc[6] 4M                   0xb008000  high17=0x00000 ok
  malloc[7] 4M                   0xb408000  high17=0x00000 ok
  malloc[8] 4M                   0xb808000  high17=0x00000 ok
  malloc[9] 4M                   0xbc08000  high17=0x00000 ok
  malloc[10] 4M                  0xc008000  high17=0x00000 ok
  malloc[11] 4M                  0xc408000  high17=0x00000 ok
  malloc[12] 4M                  0xc808000  high17=0x00000 ok
  malloc[13] 4M                  0xcc08000  high17=0x00000 ok
  malloc[14] 4M                  0xd008000  high17=0x00000 ok
  malloc[15] 4M                  0xd408000  high17=0x00000 ok
  malloc[16] 4M                  0xd808000  high17=0x00000 ok
  malloc[17] 4M                  0xdc08000  high17=0x00000 ok
  malloc[18] 4M                  0xe008000  high17=0x00000 ok
  malloc[19] 4M                  0xe408000  high17=0x00000 ok

FAIL: at least one pointer had bits 47..63 set.
Tiger ppc64 userland may NOT support the 47-bit
nanbox layout.  Consider JANET_NANBOX_64_POINTER_SHIFT.
