gcc-4.9 -DJANET_BOOTSTRAP -DJANET_BUILD="\"local\"" -O0 -std=c99 -Wall -Wextra -Isrc/include -Isrc/conf -fvisibility=hidden -fPIC -g -o build/core/abstract.boot.o -c src/core/abstract.c
gcc-4.9 -DJANET_BOOTSTRAP -DJANET_BUILD="\"local\"" -O0 -std=c99 -Wall -Wextra -Isrc/include -Isrc/conf -fvisibility=hidden -fPIC -g -o build/core/array.boot.o -c src/core/array.c
gcc-4.9 -DJANET_BOOTSTRAP -DJANET_BUILD="\"local\"" -O0 -std=c99 -Wall -Wextra -Isrc/include -Isrc/conf -fvisibility=hidden -fPIC -g -o build/core/asm.boot.o -c src/core/asm.c
gcc-4.9 -DJANET_BOOTSTRAP -DJANET_BUILD="\"local\"" -O0 -std=c99 -Wall -Wextra -Isrc/include -Isrc/conf -fvisibility=hidden -fPIC -g -o build/core/buffer.boot.o -c src/core/buffer.c
gcc-4.9 -DJANET_BOOTSTRAP -DJANET_BUILD="\"local\"" -O0 -std=c99 -Wall -Wextra -Isrc/include -Isrc/conf -fvisibility=hidden -fPIC -g -o build/core/bytecode.boot.o -c src/core/bytecode.c
gcc-4.9 -DJANET_BOOTSTRAP -DJANET_BUILD="\"local\"" -O0 -std=c99 -Wall -Wextra -Isrc/include -Isrc/conf -fvisibility=hidden -fPIC -g -o build/core/capi.boot.o -c src/core/capi.c
gcc-4.9 -DJANET_BOOTSTRAP -DJANET_BUILD="\"local\"" -O0 -std=c99 -Wall -Wextra -Isrc/include -Isrc/conf -fvisibility=hidden -fPIC -g -o build/core/cfuns.boot.o -c src/core/cfuns.c
gcc-4.9 -DJANET_BOOTSTRAP -DJANET_BUILD="\"local\"" -O0 -std=c99 -Wall -Wextra -Isrc/include -Isrc/conf -fvisibility=hidden -fPIC -g -o build/core/compile.boot.o -c src/core/compile.c
gcc-4.9 -DJANET_BOOTSTRAP -DJANET_BUILD="\"local\"" -O0 -std=c99 -Wall -Wextra -Isrc/include -Isrc/conf -fvisibility=hidden -fPIC -g -o build/core/corelib.boot.o -c src/core/corelib.c
gcc-4.9 -DJANET_BOOTSTRAP -DJANET_BUILD="\"local\"" -O0 -std=c99 -Wall -Wextra -Isrc/include -Isrc/conf -fvisibility=hidden -fPIC -g -o build/core/debug.boot.o -c src/core/debug.c
gcc-4.9 -DJANET_BOOTSTRAP -DJANET_BUILD="\"local\"" -O0 -std=c99 -Wall -Wextra -Isrc/include -Isrc/conf -fvisibility=hidden -fPIC -g -o build/core/emit.boot.o -c src/core/emit.c
gcc-4.9 -DJANET_BOOTSTRAP -DJANET_BUILD="\"local\"" -O0 -std=c99 -Wall -Wextra -Isrc/include -Isrc/conf -fvisibility=hidden -fPIC -g -o build/core/ev.boot.o -c src/core/ev.c
gcc-4.9 -DJANET_BOOTSTRAP -DJANET_BUILD="\"local\"" -O0 -std=c99 -Wall -Wextra -Isrc/include -Isrc/conf -fvisibility=hidden -fPIC -g -o build/core/ffi.boot.o -c src/core/ffi.c
gcc-4.9 -DJANET_BOOTSTRAP -DJANET_BUILD="\"local\"" -O0 -std=c99 -Wall -Wextra -Isrc/include -Isrc/conf -fvisibility=hidden -fPIC -g -o build/core/fiber.boot.o -c src/core/fiber.c
gcc-4.9 -DJANET_BOOTSTRAP -DJANET_BUILD="\"local\"" -O0 -std=c99 -Wall -Wextra -Isrc/include -Isrc/conf -fvisibility=hidden -fPIC -g -o build/core/filewatch.boot.o -c src/core/filewatch.c
gcc-4.9 -DJANET_BOOTSTRAP -DJANET_BUILD="\"local\"" -O0 -std=c99 -Wall -Wextra -Isrc/include -Isrc/conf -fvisibility=hidden -fPIC -g -o build/core/gc.boot.o -c src/core/gc.c
gcc-4.9 -DJANET_BOOTSTRAP -DJANET_BUILD="\"local\"" -O0 -std=c99 -Wall -Wextra -Isrc/include -Isrc/conf -fvisibility=hidden -fPIC -g -o build/core/inttypes.boot.o -c src/core/inttypes.c
gcc-4.9 -DJANET_BOOTSTRAP -DJANET_BUILD="\"local\"" -O0 -std=c99 -Wall -Wextra -Isrc/include -Isrc/conf -fvisibility=hidden -fPIC -g -o build/core/io.boot.o -c src/core/io.c
gcc-4.9 -DJANET_BOOTSTRAP -DJANET_BUILD="\"local\"" -O0 -std=c99 -Wall -Wextra -Isrc/include -Isrc/conf -fvisibility=hidden -fPIC -g -o build/core/marsh.boot.o -c src/core/marsh.c
gcc-4.9 -DJANET_BOOTSTRAP -DJANET_BUILD="\"local\"" -O0 -std=c99 -Wall -Wextra -Isrc/include -Isrc/conf -fvisibility=hidden -fPIC -g -o build/core/math.boot.o -c src/core/math.c
gcc-4.9 -DJANET_BOOTSTRAP -DJANET_BUILD="\"local\"" -O0 -std=c99 -Wall -Wextra -Isrc/include -Isrc/conf -fvisibility=hidden -fPIC -g -o build/core/net.boot.o -c src/core/net.c
gcc-4.9 -DJANET_BOOTSTRAP -DJANET_BUILD="\"local\"" -O0 -std=c99 -Wall -Wextra -Isrc/include -Isrc/conf -fvisibility=hidden -fPIC -g -o build/core/os.boot.o -c src/core/os.c
src/core/os.c:62:19: fatal error: spawn.h: No such file or directory
 #include <spawn.h>
                   ^
compilation terminated.
make: *** [Makefile:200: build/core/os.boot.o] Error 1
---EXIT 0---
